<?xml version="1.0" encoding="UTF-8"?>
<!-- Generated by org.testng.reporters.JUnitXMLReporter -->
<testsuite hostname="LAPTOP-7KQS0ALJ" ignored="2" name="Test" tests="2" failures="0" timestamp="03 Mar 2024 05:23:13 GMT" time="19.026" errors="0">
  <testcase name="flipcart" time="7.953" classname="com.grp.FipcartTest"/>
  <testcase name="orange" time="11.067" classname="com.grp.OrangeTest"/>
  <testcase name="ihg" time="0.0" classname="com.grp.IHGTest">
    <ignored/>
  </testcase> <!-- ihg -->
  <testcase name="fc1" time="0.0" classname="com.grp.FacebookTest">
    <ignored/>
  </testcase> <!-- fc1 -->
</testsuite> <!-- Test -->
