<?xml version="1.0" encoding="UTF-8"?>
<!-- Generated by org.testng.reporters.JUnitXMLReporter -->
<testsuite hostname="LAPTOP-7KQS0ALJ" name="Default test" tests="3" failures="0" timestamp="9 Mar 2024 04:58:11 GMT" time="29.62" errors="0">
  <testcase name="ihgLogin" time="9.641" classname="com.all.LoginHRMWorkingWithExcel"/>
  <testcase name="ihgLogin" time="9.891" classname="com.all.LoginHRMWorkingWithExcel"/>
  <testcase name="ihgLogin" time="9.491" classname="com.all.LoginHRMWorkingWithExcel"/>
</testsuite> <!-- Default test -->
