<?xml version="1.0" encoding="UTF-8"?>
<!-- Generated by org.testng.reporters.JUnitXMLReporter -->
<testsuite hostname="LAPTOP-7KQS0ALJ" name="Test" tests="4" failures="0" timestamp="25 Feb 2024 14:14:41 GMT" time="25.346" errors="0">
  <testcase name="flipcart" time="4.953" classname="com.alltime.FipcartTest"/>
  <testcase name="ihg" time="8.916" classname="com.alltime.IHGTest"/>
  <testcase name="orange" time="8.37" classname="com.alltime.OrangeTest"/>
  <testcase name="fc1" time="3.076" classname="com.alltime.FacebookTest"/>
</testsuite> <!-- Test -->
