<?xml version="1.0" encoding="UTF-8"?>
<!-- Generated by org.testng.reporters.JUnitXMLReporter -->
<testsuite hostname="LAPTOP-7KQS0ALJ" ignored="0" name="Test" tests="4" failures="0" timestamp="03 Mar 2024 05:22:41 GMT" time="50.692" errors="0">
  <testcase name="flipcart" time="7.393" classname="com.santhi.FipcartTest"/>
  <testcase name="fc1" time="4.665" classname="com.santhi.FacebookTest"/>
  <testcase name="ihg" time="13.659" classname="com.santhi.IHGTest"/>
  <testcase name="orange" time="24.902" classname="com.santhi.OrangeTest"/>
</testsuite> <!-- Test -->
