<?xml version="1.0" encoding="UTF-8"?>
<testsuite xmlns:xsi="http://www.w3.org/2001/XMLSchema-instance" xsi:noNamespaceSchemaLocation="https://maven.apache.org/surefire/maven-surefire-plugin/xsd/surefire-test-report.xsd" name="TestSuite" time="84.548" tests="8" errors="0" skipped="0" failures="0">
  <properties>
[...]
</properties>
  <testcase name="flipcart" classname="com.santhi.FipcartTest" time="7.412"/>
  <testcase name="fc1" classname="com.santhi.FacebookTest" time="4.657"/>
  <testcase name="ihg" classname="com.santhi.IHGTest" time="13.733"/>
  <testcase name="orange" classname="com.santhi.OrangeTest" time="24.828"/>
  <testcase name="flipcart" classname="com.all.FipcartTest" time="8.065"/>
  <testcase name="fc1" classname="com.all.FacebookTest" time="4.581"/>
  <testcase name="flipcart" classname="com.grp.FipcartTest" time="8.915"/>
  <testcase name="orange" classname="com.grp.OrangeTest" time="10.15"/>
</testsuite>