<?xml version="1.0" encoding="UTF-8"?>
<!-- Generated by org.testng.reporters.JUnitXMLReporter -->
<testsuite hostname="LAPTOP-7KQS0ALJ" ignored="2" name="Test" tests="2" failures="0" timestamp="03 Mar 2024 05:22:54 GMT" time="12.636" errors="0">
  <testcase name="flipcart" time="7.16" classname="com.all.FipcartTest"/>
  <testcase name="fc1" time="5.469" classname="com.all.FacebookTest"/>
  <testcase name="orange" time="0.0" classname="com.all.OrangeTest">
    <ignored/>
  </testcase> <!-- orange -->
  <testcase name="ihg" time="0.0" classname="com.all.IHGTest">
    <ignored/>
  </testcase> <!-- ihg -->
</testsuite> <!-- Test -->
